{
  "stats": {
    "suites": 1,
    "tests": 1,
    "passes": 0,
    "pending": 0,
    "failures": 1,
    "start": "2024-07-03T05:21:29.518Z",
    "end": "2024-07-03T05:21:38.374Z",
    "duration": 8856,
    "testsRegistered": 1,
    "passPercent": 0,
    "pendingPercent": 0,
    "other": 0,
    "hasOther": false,
    "skipped": 0,
    "hasSkipped": false
  },
  "results": [
    {
      "uuid": "40c2ac12-1a19-4cc6-8d96-19b18882a0c2",
      "title": "",
      "fullFile": "cypress\\e2e\\clientlogin.cy.js",
      "file": "cypress\\e2e\\clientlogin.cy.js",
      "beforeHooks": [],
      "afterHooks": [],
      "tests": [],
      "suites": [
        {
          "uuid": "b07ca030-c7dd-4be7-8857-42d777ebc1c8",
          "title": "Login as a Patient",
          "fullFile": "",
          "file": "",
          "beforeHooks": [],
          "afterHooks": [],
          "tests": [
            {
              "title": "Login with Valid Email and Valid OTP",
              "fullTitle": "Login as a Patient Login with Valid Email and Valid OTP",
              "timedOut": null,
              "duration": 6634,
              "state": "failed",
              "speed": null,
              "pass": false,
              "fail": true,
              "pending": false,
              "context": null,
              "code": "const validEmail = 'esakki@mypadra.com';\nconst invalidEmail = 'esakki';\n/* Visit application */\ncy.visit('https://dev-app.padraclinic.ca/login');\n/* Enter valid email address */\ncy.get('.p-inputtext').type(validEmail);\n/* Check field is visible and enable */\ncy.get('.p-inputtext').should('be.visible').and('be.enabled');\n/* Check entered email address */\ncy.get('.p-inputtext').should('have.value', 'esakki@mypadra.com');\n/* check attributes and placeholder value */\ncy.get('.p-inputtext').should('have.attr', 'type', 'text').and('have.attr', 'placeholder', 'Enter Your Email Address');\n/* Check focus */\ncy.get('.p-inputtext').focus().should('have.focus');\ncy.get('.p-inputtext').blur().should('not.have.focus');\n/* Check validation message */\ncy.get('.p-inputtext').clear().type(invalidEmail);\ncy.get('.auth_email_validation__Zx_Wi').should('contain', 'Please enter a valid Email Address');\ncy.get('.p-inputtext').clear().type(invalidEmail);\ncy.get('button[aria-label=\"Request OTP\"]').should('be.disabled');\ncy.get('.p-inputtext').clear().type(validEmail);\ncy.get('button[aria-label=\"Request OTP\"]').should('be.enabled');\n/* Case sensitive input */\ncy.get('.p-inputtext').clear().type('Esakki@Mypadra.Com');\ncy.get('.p-inputtext').should('have.value', 'Esakki@Mypadra.Com');\ncy.get('button[aria-label=\"Request OTP\"]').should('be.enabled');\n/* Check input with spaces */\n// cy.get('.p-inputtext').clear().type('  esakki@mypadra.com  ');\n// cy.get('.p-inputtext').should('have.value', 'esakki@mypadra.com');\n// cy.get('button[aria-label=\"Request OTP\"]').should('be.enabled');\n/* invalid mail address */\nconst invalidEmails = ['plainaddress', '@missingusername.com', 'username@.com'];\ninvalidEmails.forEach(email => {\n  cy.get('.p-inputtext').clear().type(email);\n  //cy.get('button[aria-label=\"Request OTP\"]').should('be.disabled');\n  cy.get('.auth_email_validation__Zx_Wi').should('contain', 'Please enter a valid Email Address');\n});\n/* Check Logo */\ncy.get('.header_logo_img__fKivJ').should('have.attr', 'alt', 'Padra Logo').and('have.attr', 'src', '/app_logo.svg').and('be.visible');\n/* Check welcome message */\ncy.get('.auth_welcome__hlErv').should('contain.text', 'Welcome to').and('contain.text', 'PADRA Clinic');\n/* Check user not found */\ncy.get('.p-inputtext').clear().type('arun@mypadra.com');\ncy.get('button[aria-label=\"Request OTP\"]').click();\ncy.get('.auth_user_not_found__1skz4').should('contain', 'User not found').and('be.visible');",
              "err": {
                "message": "AssertionError: Timed out retrying after 4000ms: expected '<button.auth_request_otp__VONs6.p-button.p-component>' to be 'disabled'",
                "estack": "AssertionError: Timed out retrying after 4000ms: expected '<button.auth_request_otp__VONs6.p-button.p-component>' to be 'disabled'\n    at Context.eval (webpack://padraautomation/./cypress/e2e/clientlogin.cy.js:37:51)",
                "diff": null
              },
              "uuid": "567b9c2f-6ade-4f89-9ebc-10a1e756e98d",
              "parentUUID": "b07ca030-c7dd-4be7-8857-42d777ebc1c8",
              "isHook": false,
              "skipped": false
            }
          ],
          "suites": [],
          "passes": [],
          "failures": [
            "567b9c2f-6ade-4f89-9ebc-10a1e756e98d"
          ],
          "pending": [],
          "skipped": [],
          "duration": 6634,
          "root": false,
          "rootEmpty": false,
          "_timeout": 2000
        }
      ],
      "passes": [],
      "failures": [],
      "pending": [],
      "skipped": [],
      "duration": 0,
      "root": true,
      "rootEmpty": true,
      "_timeout": 2000
    }
  ],
  "meta": {
    "mocha": {
      "version": "7.0.1"
    },
    "mochawesome": {
      "options": {
        "quiet": false,
        "reportFilename": "mochawesome",
        "saveHtml": true,
        "saveJson": true,
        "consoleReporter": "spec",
        "useInlineDiffs": false,
        "code": true
      },
      "version": "7.1.3"
    },
    "marge": {
      "options": {
        "reportDir": "cypress/reports",
        "overwrite": false,
        "html": true,
        "json": true
      },
      "version": "6.2.0"
    }
  }
}