{
  "stats": {
    "suites": 1,
    "tests": 1,
    "passes": 1,
    "pending": 0,
    "failures": 0,
    "start": "2024-07-03T05:19:19.177Z",
    "end": "2024-07-03T05:19:31.429Z",
    "duration": 12252,
    "testsRegistered": 1,
    "passPercent": 100,
    "pendingPercent": 0,
    "other": 0,
    "hasOther": false,
    "skipped": 0,
    "hasSkipped": false
  },
  "results": [
    {
      "uuid": "21bb7c6d-0877-47f7-b5a3-40d0c4cc4519",
      "title": "",
      "fullFile": "cypress\\e2e\\clientlogin.cy.js",
      "file": "cypress\\e2e\\clientlogin.cy.js",
      "beforeHooks": [],
      "afterHooks": [],
      "tests": [],
      "suites": [
        {
          "uuid": "a74f324d-d0c9-4759-953c-f31c66820dc0",
          "title": "Login as a Patient",
          "fullFile": "",
          "file": "",
          "beforeHooks": [],
          "afterHooks": [],
          "tests": [
            {
              "title": "Login with Valid Email and Valid OTP",
              "fullTitle": "Login as a Patient Login with Valid Email and Valid OTP",
              "timedOut": null,
              "duration": 7211,
              "state": "passed",
              "speed": "medium",
              "pass": true,
              "fail": false,
              "pending": false,
              "context": null,
              "code": "const validEmail = 'esakki@mypadra.com';\nconst invalidEmail = 'esakki';\n/* Visit application */\ncy.visit('https://dev-app.padraclinic.ca/login');\n/* Enter valid email address */\ncy.get('.p-inputtext').type(validEmail);\n/* Check field is visible and enable */\ncy.get('.p-inputtext').should('be.visible').and('be.enabled');\n/* Check entered email address */\ncy.get('.p-inputtext').should('have.value', 'esakki@mypadra.com');\n/* check attributes and placeholder value */\ncy.get('.p-inputtext').should('have.attr', 'type', 'text').and('have.attr', 'placeholder', 'Enter Your Email Address');\n/* Check focus */\ncy.get('.p-inputtext').focus().should('have.focus');\ncy.get('.p-inputtext').blur().should('not.have.focus');\n/* Check validation message */\ncy.get('.p-inputtext').clear().type(invalidEmail);\ncy.get('.auth_email_validation__Zx_Wi').should('contain', 'Please enter a valid Email Address');\n// cy.get('.p-inputtext').clear().type(invalidEmail);\n// cy.get('button[aria-label=\"Request OTP\"]').should('be.disabled');\ncy.get('.p-inputtext').clear().type(validEmail);\ncy.get('button[aria-label=\"Request OTP\"]').should('be.enabled');\n/* Case sensitive input */\ncy.get('.p-inputtext').clear().type('Esakki@Mypadra.Com');\ncy.get('.p-inputtext').should('have.value', 'Esakki@Mypadra.Com');\ncy.get('button[aria-label=\"Request OTP\"]').should('be.enabled');\n/* Check input with spaces */\n// cy.get('.p-inputtext').clear().type('  esakki@mypadra.com  ');\n// cy.get('.p-inputtext').should('have.value', 'esakki@mypadra.com');\n// cy.get('button[aria-label=\"Request OTP\"]').should('be.enabled');\n/* invalid mail address */\nconst invalidEmails = ['plainaddress', '@missingusername.com', 'username@.com'];\ninvalidEmails.forEach(email => {\n  cy.get('.p-inputtext').clear().type(email);\n  //cy.get('button[aria-label=\"Request OTP\"]').should('be.disabled');\n  cy.get('.auth_email_validation__Zx_Wi').should('contain', 'Please enter a valid Email Address');\n});\n/* Check Logo */\ncy.get('.header_logo_img__fKivJ').should('have.attr', 'alt', 'Padra Logo').and('have.attr', 'src', '/app_logo.svg').and('be.visible');\n/* Check welcome message */\ncy.get('.auth_welcome__hlErv').should('contain.text', 'Welcome to').and('contain.text', 'PADRA Clinic');\n/* Check user not found */\ncy.get('.p-inputtext').clear().type('arun@mypadra.com');\ncy.get('button[aria-label=\"Request OTP\"]').click();\ncy.get('.auth_user_not_found__1skz4').should('contain', 'User not found').and('be.visible');",
              "err": {},
              "uuid": "e19bb829-861f-4620-86ce-d6a3467ab6fb",
              "parentUUID": "a74f324d-d0c9-4759-953c-f31c66820dc0",
              "isHook": false,
              "skipped": false
            }
          ],
          "suites": [],
          "passes": [
            "e19bb829-861f-4620-86ce-d6a3467ab6fb"
          ],
          "failures": [],
          "pending": [],
          "skipped": [],
          "duration": 7211,
          "root": false,
          "rootEmpty": false,
          "_timeout": 2000
        }
      ],
      "passes": [],
      "failures": [],
      "pending": [],
      "skipped": [],
      "duration": 0,
      "root": true,
      "rootEmpty": true,
      "_timeout": 2000
    }
  ],
  "meta": {
    "mocha": {
      "version": "7.0.1"
    },
    "mochawesome": {
      "options": {
        "quiet": false,
        "reportFilename": "mochawesome",
        "saveHtml": true,
        "saveJson": true,
        "consoleReporter": "spec",
        "useInlineDiffs": false,
        "code": true
      },
      "version": "7.1.3"
    },
    "marge": {
      "options": {
        "reportDir": "cypress/reports",
        "overwrite": false,
        "html": true,
        "json": true
      },
      "version": "6.2.0"
    }
  }
}